d:\sfml games\pokemon\debug\pokemon.pch
d:\sfml games\pokemon\debug\vc142.pdb
d:\sfml games\pokemon\debug\vc142.idb
d:\sfml games\pokemon\debug\stdafx.obj
d:\sfml games\pokemon\debug\settingsstate.obj
d:\sfml games\pokemon\debug\gui.obj
d:\sfml games\pokemon\debug\movementcomponent.obj
d:\sfml games\pokemon\debug\main.obj
d:\sfml games\pokemon\debug\tilemap.obj
d:\sfml games\pokemon\debug\mainmenustate.obj
d:\sfml games\pokemon\debug\gamestate.obj
d:\sfml games\pokemon\debug\game.obj
d:\sfml games\pokemon\debug\editorstate.obj
d:\sfml games\pokemon\debug\tile.obj
d:\sfml games\pokemon\debug\state.obj
d:\sfml games\pokemon\debug\player.obj
d:\sfml games\pokemon\debug\pausemenu.obj
d:\sfml games\pokemon\debug\hitboxcomponent.obj
d:\sfml games\pokemon\debug\graphicssettings.obj
d:\sfml games\pokemon\debug\entity.obj
d:\sfml games\pokemon\debug\animationcomponent.obj
d:\sfml games\debug\pokemon.ilk
d:\sfml games\debug\pokemon.exe
d:\sfml games\debug\pokemon.pdb
d:\sfml games\pokemon\debug\pokemon.tlog\cl.command.1.tlog
d:\sfml games\pokemon\debug\pokemon.tlog\cl.read.1.tlog
d:\sfml games\pokemon\debug\pokemon.tlog\cl.write.1.tlog
d:\sfml games\pokemon\debug\pokemon.tlog\link.command.1.tlog
d:\sfml games\pokemon\debug\pokemon.tlog\link.read.1.tlog
d:\sfml games\pokemon\debug\pokemon.tlog\link.write.1.tlog
